build/outputs/logs/manifest-merger-debug-report.txt
-- Merging decision tree log ---
manifest
ADDED from testService\AndroidManifest.xml:2:1-43:12
	package
		ADDED from testService\AndroidManifest.xml:3:5-38
	xmlns:android
		ADDED from testService\AndroidManifest.xml:2:11-69
uses-sdk
ADDED from testService\AndroidManifest.xml:5:5-7:41
INJECTED from testService\AndroidManifest.xml:5:5-7:41
INJECTED from testService\AndroidManifest.xml:5:5-7:41
	android:targetSdkVersion
		ADDED from testService\AndroidManifest.xml:7:9-38
	android:minSdkVersion
		ADDED from testService\AndroidManifest.xml:6:9-35
		INJECTED from testService\AndroidManifest.xml
		INJECTED from testService\AndroidManifest.xml
uses-permission#android.permission.BLUETOOTH_ADMIN
ADDED from testService\AndroidManifest.xml:10:5-74
	android:name
		ADDED from testService\AndroidManifest.xml:10:22-71
uses-permission#android.permission.BLUETOOTH
ADDED from testService\AndroidManifest.xml:11:5-68
	android:name
		ADDED from testService\AndroidManifest.xml:11:22-65
uses-permission#android.permission.INTERNET
ADDED from testService\AndroidManifest.xml:12:5-66
	android:name
		ADDED from testService\AndroidManifest.xml:12:22-64
uses-permission#android.permission.ACCESS_COARSE_LOCATION
ADDED from testService\AndroidManifest.xml:13:5-81
	android:name
		ADDED from testService\AndroidManifest.xml:13:22-78
uses-permission#android.permission.ACCESS_FINE_LOCATION
ADDED from testService\AndroidManifest.xml:14:5-79
	android:name
		ADDED from testService\AndroidManifest.xml:14:22-76
application
ADDED from testService\AndroidManifest.xml:16:5-41:19
	android:label
		ADDED from testService\AndroidManifest.xml:19:9-41
	android:icon
		ADDED from testService\AndroidManifest.xml:18:9-45
	android:allowBackup
		ADDED from testService\AndroidManifest.xml:17:9-35
	android:theme
		ADDED from testService\AndroidManifest.xml:20:9-62
activity#com.example.testactivity.MainActivity
ADDED from testService\AndroidManifest.xml:21:9-29:20
	android:label
		ADDED from testService\AndroidManifest.xml:23:13-45
	android:name
		ADDED from testService\AndroidManifest.xml:22:13-65
intent-filter#android.intent.action.MAIN+android.intent.category.LAUNCHER
ADDED from testService\AndroidManifest.xml:24:13-28:29
action#android.intent.action.MAIN
ADDED from testService\AndroidManifest.xml:25:17-69
	android:name
		ADDED from testService\AndroidManifest.xml:25:25-66
category#android.intent.category.LAUNCHER
ADDED from testService\AndroidManifest.xml:27:17-77
	android:name
		ADDED from testService\AndroidManifest.xml:27:27-74
activity#com.example.testservice.DeviceListActivity
ADDED from testService\AndroidManifest.xml:30:9-34:59
	android:label
		ADDED from testService\AndroidManifest.xml:33:13-50
	android:configChanges
		ADDED from testService\AndroidManifest.xml:32:13-63
	android:theme
		ADDED from testService\AndroidManifest.xml:34:13-56
	android:name
		ADDED from testService\AndroidManifest.xml:31:13-47
activity#com.example.testactivity.survey
ADDED from testService\AndroidManifest.xml:35:9-38:20
	android:label
		ADDED from testService\AndroidManifest.xml:37:13-45
	android:name
		ADDED from testService\AndroidManifest.xml:36:13-59
service#com.example.testservice.CommunicationService
ADDED from testService\AndroidManifest.xml:40:9-57
	android:name
		ADDED from testService\AndroidManifest.xml:40:18-54